app/build/intermediates/manifest_merge_blame_file/debug/processDebugMainManifest/manifest-merger-blame-debug-report.txt
1<?xml version="1.0" encoding="utf-8"?>
2<manifest xmlns:android="http://schemas.android.com/apk/res/android"
3    package="com.managesc.app"
4    android:versionCode="1"
5    android:versionName="1.0.0" >
6
7    <uses-sdk
8        android:minSdkVersion="24"
9        android:targetSdkVersion="35" />
10
11    <uses-permission android:name="android.permission.INTERNET" />
11-->src/main/AndroidManifest.xml:5:5-67
11-->src/main/AndroidManifest.xml:5:22-64
12    <uses-permission android:name="android.permission.ACCESS_NETWORK_STATE" />
12-->src/main/AndroidManifest.xml:6:5-79
12-->src/main/AndroidManifest.xml:6:22-76
13    <uses-permission
13-->src/main/AndroidManifest.xml:7:5-8:38
14        android:name="android.permission.POST_NOTIFICATIONS"
14-->src/main/AndroidManifest.xml:7:22-74
15        android:minSdkVersion="33" />
15-->src/main/AndroidManifest.xml:8:9-35
16    <uses-permission android:name="android.permission.RECEIVE_BOOT_COMPLETED" />
16-->src/main/AndroidManifest.xml:9:5-81
16-->src/main/AndroidManifest.xml:9:22-78
17    <uses-permission
17-->src/main/AndroidManifest.xml:10:5-11:74
18        android:name="android.permission.SCHEDULE_EXACT_ALARM"
18-->src/main/AndroidManifest.xml:10:22-76
19        android:minSdkVersion="33" />
19-->src/main/AndroidManifest.xml:11:9-35
20    <uses-permission android:name="android.permission.WAKE_LOCK" />
20-->[androidx.work:work-runtime:2.9.1] AndroidManifest.xml:23:5-68
20-->[androidx.work:work-runtime:2.9.1] AndroidManifest.xml:23:22-65
21    <uses-permission android:name="android.permission.FOREGROUND_SERVICE" />
21-->[androidx.work:work-runtime:2.9.1] AndroidManifest.xml:26:5-77
21-->[androidx.work:work-runtime:2.9.1] AndroidManifest.xml:26:22-74
22
23    <permission
23-->[androidx.core:core:1.13.1] AndroidManifest.xml:22:5-24:47
24        android:name="com.managesc.app.DYNAMIC_RECEIVER_NOT_EXPORTED_PERMISSION"
24-->[androidx.core:core:1.13.1] AndroidManifest.xml:23:9-81
25        android:protectionLevel="signature" />
25-->[androidx.core:core:1.13.1] AndroidManifest.xml:24:9-44
26
27    <uses-permission android:name="com.managesc.app.DYNAMIC_RECEIVER_NOT_EXPORTED_PERMISSION" />
27-->[androidx.core:core:1.13.1] AndroidManifest.xml:26:5-97
27-->[androidx.core:core:1.13.1] AndroidManifest.xml:26:22-94
28
29    <application
29-->src/main/AndroidManifest.xml:13:5-42:19
30        android:allowBackup="true"
30-->src/main/AndroidManifest.xml:14:9-35
31        android:appComponentFactory="androidx.core.app.CoreComponentFactory"
31-->[androidx.core:core:1.13.1] AndroidManifest.xml:28:18-86
32        android:debuggable="true"
33        android:extractNativeLibs="false"
34        android:icon="@android:drawable/ic_menu_manage"
34-->src/main/AndroidManifest.xml:15:9-56
35        android:label="ManageSC"
35-->src/main/AndroidManifest.xml:16:9-33
36        android:supportsRtl="true"
36-->src/main/AndroidManifest.xml:17:9-35
37        android:theme="@style/Theme.ManageSC" >
37-->src/main/AndroidManifest.xml:18:9-46
38        <activity
38-->src/main/AndroidManifest.xml:21:9-29:20
39            android:name="com.managesc.app.MainActivity"
39-->src/main/AndroidManifest.xml:22:13-41
40            android:exported="true"
40-->src/main/AndroidManifest.xml:23:13-36
41            android:theme="@style/Theme.ManageSC" >
41-->src/main/AndroidManifest.xml:24:13-50
42            <intent-filter>
42-->src/main/AndroidManifest.xml:25:13-28:29
43                <action android:name="android.intent.action.MAIN" />
43-->src/main/AndroidManifest.xml:26:17-69
43-->src/main/AndroidManifest.xml:26:25-66
44
45                <category android:name="android.intent.category.LAUNCHER" />
45-->src/main/AndroidManifest.xml:27:17-77
45-->src/main/AndroidManifest.xml:27:27-74
46            </intent-filter>
47        </activity>
48
49        <provider
50            android:name="androidx.startup.InitializationProvider"
50-->src/main/AndroidManifest.xml:32:13-67
51            android:authorities="com.managesc.app.androidx-startup"
51-->src/main/AndroidManifest.xml:33:13-68
52            android:exported="false" >
52-->src/main/AndroidManifest.xml:34:13-37
53            <meta-data
53-->[androidx.emoji2:emoji2:1.3.0] AndroidManifest.xml:29:13-31:52
54                android:name="androidx.emoji2.text.EmojiCompatInitializer"
54-->[androidx.emoji2:emoji2:1.3.0] AndroidManifest.xml:30:17-75
55                android:value="androidx.startup" />
55-->[androidx.emoji2:emoji2:1.3.0] AndroidManifest.xml:31:17-49
56            <meta-data
56-->[androidx.lifecycle:lifecycle-process:2.8.7] AndroidManifest.xml:29:13-31:52
57                android:name="androidx.lifecycle.ProcessLifecycleInitializer"
57-->[androidx.lifecycle:lifecycle-process:2.8.7] AndroidManifest.xml:30:17-78
58                android:value="androidx.startup" />
58-->[androidx.lifecycle:lifecycle-process:2.8.7] AndroidManifest.xml:31:17-49
59            <meta-data
59-->[androidx.profileinstaller:profileinstaller:1.3.1] AndroidManifest.xml:29:13-31:52
60                android:name="androidx.profileinstaller.ProfileInstallerInitializer"
60-->[androidx.profileinstaller:profileinstaller:1.3.1] AndroidManifest.xml:30:17-85
61                android:value="androidx.startup" />
61-->[androidx.profileinstaller:profileinstaller:1.3.1] AndroidManifest.xml:31:17-49
62        </provider>
63
64        <service
64-->[androidx.work:work-runtime:2.9.1] AndroidManifest.xml:39:9-45:35
65            android:name="androidx.work.impl.background.systemalarm.SystemAlarmService"
65-->[androidx.work:work-runtime:2.9.1] AndroidManifest.xml:40:13-88
66            android:directBootAware="false"
66-->[androidx.work:work-runtime:2.9.1] AndroidManifest.xml:41:13-44
67            android:enabled="@bool/enable_system_alarm_service_default"
67-->[androidx.work:work-runtime:2.9.1] AndroidManifest.xml:42:13-72
68            android:exported="false" />
68-->[androidx.work:work-runtime:2.9.1] AndroidManifest.xml:43:13-37
69        <service
69-->[androidx.work:work-runtime:2.9.1] AndroidManifest.xml:46:9-52:35
70            android:name="androidx.work.impl.background.systemjob.SystemJobService"
70-->[androidx.work:work-runtime:2.9.1] AndroidManifest.xml:47:13-84
71            android:directBootAware="false"
71-->[androidx.work:work-runtime:2.9.1] AndroidManifest.xml:48:13-44
72            android:enabled="@bool/enable_system_job_service_default"
72-->[androidx.work:work-runtime:2.9.1] AndroidManifest.xml:49:13-70
73            android:exported="true"
73-->[androidx.work:work-runtime:2.9.1] AndroidManifest.xml:50:13-36
74            android:permission="android.permission.BIND_JOB_SERVICE" />
74-->[androidx.work:work-runtime:2.9.1] AndroidManifest.xml:51:13-69
75        <service
75-->[androidx.work:work-runtime:2.9.1] AndroidManifest.xml:53:9-59:35
76            android:name="androidx.work.impl.foreground.SystemForegroundService"
76-->[androidx.work:work-runtime:2.9.1] AndroidManifest.xml:54:13-81
77            android:directBootAware="false"
77-->[androidx.work:work-runtime:2.9.1] AndroidManifest.xml:55:13-44
78            android:enabled="@bool/enable_system_foreground_service_default"
78-->[androidx.work:work-runtime:2.9.1] AndroidManifest.xml:56:13-77
79            android:exported="false" />
79-->[androidx.work:work-runtime:2.9.1] AndroidManifest.xml:57:13-37
80
81        <receiver
81-->[androidx.work:work-runtime:2.9.1] AndroidManifest.xml:61:9-66:35
82            android:name="androidx.work.impl.utils.ForceStopRunnable$BroadcastReceiver"
82-->[androidx.work:work-runtime:2.9.1] AndroidManifest.xml:62:13-88
83            android:directBootAware="false"
83-->[androidx.work:work-runtime:2.9.1] AndroidManifest.xml:63:13-44
84            android:enabled="true"
84-->[androidx.work:work-runtime:2.9.1] AndroidManifest.xml:64:13-35
85            android:exported="false" />
85-->[androidx.work:work-runtime:2.9.1] AndroidManifest.xml:65:13-37
86        <receiver
86-->[androidx.work:work-runtime:2.9.1] AndroidManifest.xml:67:9-77:20
87            android:name="androidx.work.impl.background.systemalarm.ConstraintProxy$BatteryChargingProxy"
87-->[androidx.work:work-runtime:2.9.1] AndroidManifest.xml:68:13-106
88            android:directBootAware="false"
88-->[androidx.work:work-runtime:2.9.1] AndroidManifest.xml:69:13-44
89            android:enabled="false"
89-->[androidx.work:work-runtime:2.9.1] AndroidManifest.xml:70:13-36
90            android:exported="false" >
90-->[androidx.work:work-runtime:2.9.1] AndroidManifest.xml:71:13-37
91            <intent-filter>
91-->[androidx.work:work-runtime:2.9.1] AndroidManifest.xml:73:13-76:29
92                <action android:name="android.intent.action.ACTION_POWER_CONNECTED" />
92-->[androidx.work:work-runtime:2.9.1] AndroidManifest.xml:74:17-87
92-->[androidx.work:work-runtime:2.9.1] AndroidManifest.xml:74:25-84
93                <action android:name="android.intent.action.ACTION_POWER_DISCONNECTED" />
93-->[androidx.work:work-runtime:2.9.1] AndroidManifest.xml:75:17-90
93-->[androidx.work:work-runtime:2.9.1] AndroidManifest.xml:75:25-87
94            </intent-filter>
95        </receiver>
96        <receiver
96-->[androidx.work:work-runtime:2.9.1] AndroidManifest.xml:78:9-88:20
97            android:name="androidx.work.impl.background.systemalarm.ConstraintProxy$BatteryNotLowProxy"
97-->[androidx.work:work-runtime:2.9.1] AndroidManifest.xml:79:13-104
98            android:directBootAware="false"
98-->[androidx.work:work-runtime:2.9.1] AndroidManifest.xml:80:13-44
99            android:enabled="false"
99-->[androidx.work:work-runtime:2.9.1] AndroidManifest.xml:81:13-36
100            android:exported="false" >
100-->[androidx.work:work-runtime:2.9.1] AndroidManifest.xml:82:13-37
101            <intent-filter>
101-->[androidx.work:work-runtime:2.9.1] AndroidManifest.xml:84:13-87:29
102                <action android:name="android.intent.action.BATTERY_OKAY" />
102-->[androidx.work:work-runtime:2.9.1] AndroidManifest.xml:85:17-77
102-->[androidx.work:work-runtime:2.9.1] AndroidManifest.xml:85:25-74
103                <action android:name="android.intent.action.BATTERY_LOW" />
103-->[androidx.work:work-runtime:2.9.1] AndroidManifest.xml:86:17-76
103-->[androidx.work:work-runtime:2.9.1] AndroidManifest.xml:86:25-73
104            </intent-filter>
105        </receiver>
106        <receiver
106-->[androidx.work:work-runtime:2.9.1] AndroidManifest.xml:89:9-99:20
107            android:name="androidx.work.impl.background.systemalarm.ConstraintProxy$StorageNotLowProxy"
107-->[androidx.work:work-runtime:2.9.1] AndroidManifest.xml:90:13-104
108            android:directBootAware="false"
108-->[androidx.work:work-runtime:2.9.1] AndroidManifest.xml:91:13-44
109            android:enabled="false"
109-->[androidx.work:work-runtime:2.9.1] AndroidManifest.xml:92:13-36
110            android:exported="false" >
110-->[androidx.work:work-runtime:2.9.1] AndroidManifest.xml:93:13-37
111            <intent-filter>
111-->[androidx.work:work-runtime:2.9.1] AndroidManifest.xml:95:13-98:29
112                <action android:name="android.intent.action.DEVICE_STORAGE_LOW" />
112-->[androidx.work:work-runtime:2.9.1] AndroidManifest.xml:96:17-83
112-->[androidx.work:work-runtime:2.9.1] AndroidManifest.xml:96:25-80
113                <action android:name="android.intent.action.DEVICE_STORAGE_OK" />
113-->[androidx.work:work-runtime:2.9.1] AndroidManifest.xml:97:17-82
113-->[androidx.work:work-runtime:2.9.1] AndroidManifest.xml:97:25-79
114            </intent-filter>
115        </receiver>
116        <receiver
116-->[androidx.work:work-runtime:2.9.1] AndroidManifest.xml:100:9-109:20
117            android:name="androidx.work.impl.background.systemalarm.ConstraintProxy$NetworkStateProxy"
117-->[androidx.work:work-runtime:2.9.1] AndroidManifest.xml:101:13-103
118            android:directBootAware="false"
118-->[androidx.work:work-runtime:2.9.1] AndroidManifest.xml:102:13-44
119            android:enabled="false"
119-->[androidx.work:work-runtime:2.9.1] AndroidManifest.xml:103:13-36
120            android:exported="false" >
120-->[androidx.work:work-runtime:2.9.1] AndroidManifest.xml:104:13-37
121            <intent-filter>
121-->[androidx.work:work-runtime:2.9.1] AndroidManifest.xml:106:13-108:29
122                <action android:name="android.net.conn.CONNECTIVITY_CHANGE" />
122-->[androidx.work:work-runtime:2.9.1] AndroidManifest.xml:107:17-79
122-->[androidx.work:work-runtime:2.9.1] AndroidManifest.xml:107:25-76
123            </intent-filter>
124        </receiver>
125        <receiver
125-->[androidx.work:work-runtime:2.9.1] AndroidManifest.xml:110:9-121:20
126            android:name="androidx.work.impl.background.systemalarm.RescheduleReceiver"
126-->[androidx.work:work-runtime:2.9.1] AndroidManifest.xml:111:13-88
127            android:directBootAware="false"
127-->[androidx.work:work-runtime:2.9.1] AndroidManifest.xml:112:13-44
128            android:enabled="false"
128-->[androidx.work:work-runtime:2.9.1] AndroidManifest.xml:113:13-36
129            android:exported="false" >
129-->[androidx.work:work-runtime:2.9.1] AndroidManifest.xml:114:13-37
130            <intent-filter>
130-->[androidx.work:work-runtime:2.9.1] AndroidManifest.xml:116:13-120:29
131                <action android:name="android.intent.action.BOOT_COMPLETED" />
131-->[androidx.work:work-runtime:2.9.1] AndroidManifest.xml:117:17-79
131-->[androidx.work:work-runtime:2.9.1] AndroidManifest.xml:117:25-76
132                <action android:name="android.intent.action.TIME_SET" />
132-->[androidx.work:work-runtime:2.9.1] AndroidManifest.xml:118:17-73
132-->[androidx.work:work-runtime:2.9.1] AndroidManifest.xml:118:25-70
133                <action android:name="android.intent.action.TIMEZONE_CHANGED" />
133-->[androidx.work:work-runtime:2.9.1] AndroidManifest.xml:119:17-81
133-->[androidx.work:work-runtime:2.9.1] AndroidManifest.xml:119:25-78
134            </intent-filter>
135        </receiver>
136        <receiver
136-->[androidx.work:work-runtime:2.9.1] AndroidManifest.xml:122:9-131:20
137            android:name="androidx.work.impl.background.systemalarm.ConstraintProxyUpdateReceiver"
137-->[androidx.work:work-runtime:2.9.1] AndroidManifest.xml:123:13-99
138            android:directBootAware="false"
138-->[androidx.work:work-runtime:2.9.1] AndroidManifest.xml:124:13-44
139            android:enabled="@bool/enable_system_alarm_service_default"
139-->[androidx.work:work-runtime:2.9.1] AndroidManifest.xml:125:13-72
140            android:exported="false" >
140-->[androidx.work:work-runtime:2.9.1] AndroidManifest.xml:126:13-37
141            <intent-filter>
141-->[androidx.work:work-runtime:2.9.1] AndroidManifest.xml:128:13-130:29
142                <action android:name="androidx.work.impl.background.systemalarm.UpdateProxies" />
142-->[androidx.work:work-runtime:2.9.1] AndroidManifest.xml:129:17-98
142-->[androidx.work:work-runtime:2.9.1] AndroidManifest.xml:129:25-95
143            </intent-filter>
144        </receiver>
145        <receiver
145-->[androidx.work:work-runtime:2.9.1] AndroidManifest.xml:132:9-142:20
146            android:name="androidx.work.impl.diagnostics.DiagnosticsReceiver"
146-->[androidx.work:work-runtime:2.9.1] AndroidManifest.xml:133:13-78
147            android:directBootAware="false"
147-->[androidx.work:work-runtime:2.9.1] AndroidManifest.xml:134:13-44
148            android:enabled="true"
148-->[androidx.work:work-runtime:2.9.1] AndroidManifest.xml:135:13-35
149            android:exported="true"
149-->[androidx.work:work-runtime:2.9.1] AndroidManifest.xml:136:13-36
150            android:permission="android.permission.DUMP" >
150-->[androidx.work:work-runtime:2.9.1] AndroidManifest.xml:137:13-57
151            <intent-filter>
151-->[androidx.work:work-runtime:2.9.1] AndroidManifest.xml:139:13-141:29
152                <action android:name="androidx.work.diagnostics.REQUEST_DIAGNOSTICS" />
152-->[androidx.work:work-runtime:2.9.1] AndroidManifest.xml:140:17-88
152-->[androidx.work:work-runtime:2.9.1] AndroidManifest.xml:140:25-85
153            </intent-filter>
154        </receiver>
155
156        <activity
156-->[androidx.compose.ui:ui-tooling-android:1.7.5] AndroidManifest.xml:23:9-25:39
157            android:name="androidx.compose.ui.tooling.PreviewActivity"
157-->[androidx.compose.ui:ui-tooling-android:1.7.5] AndroidManifest.xml:24:13-71
158            android:exported="true" />
158-->[androidx.compose.ui:ui-tooling-android:1.7.5] AndroidManifest.xml:25:13-36
159
160        <service
160-->[androidx.room:room-runtime:2.5.0] AndroidManifest.xml:24:9-28:63
161            android:name="androidx.room.MultiInstanceInvalidationService"
161-->[androidx.room:room-runtime:2.5.0] AndroidManifest.xml:25:13-74
162            android:directBootAware="true"
162-->[androidx.room:room-runtime:2.5.0] AndroidManifest.xml:26:13-43
163            android:exported="false" />
163-->[androidx.room:room-runtime:2.5.0] AndroidManifest.xml:27:13-37
164
165        <receiver
165-->[androidx.profileinstaller:profileinstaller:1.3.1] AndroidManifest.xml:34:9-52:20
166            android:name="androidx.profileinstaller.ProfileInstallReceiver"
166-->[androidx.profileinstaller:profileinstaller:1.3.1] AndroidManifest.xml:35:13-76
167            android:directBootAware="false"
167-->[androidx.profileinstaller:profileinstaller:1.3.1] AndroidManifest.xml:36:13-44
168            android:enabled="true"
168-->[androidx.profileinstaller:profileinstaller:1.3.1] AndroidManifest.xml:37:13-35
169            android:exported="true"
169-->[androidx.profileinstaller:profileinstaller:1.3.1] AndroidManifest.xml:38:13-36
170            android:permission="android.permission.DUMP" >
170-->[androidx.profileinstaller:profileinstaller:1.3.1] AndroidManifest.xml:39:13-57
171            <intent-filter>
171-->[androidx.profileinstaller:profileinstaller:1.3.1] AndroidManifest.xml:40:13-42:29
172                <action android:name="androidx.profileinstaller.action.INSTALL_PROFILE" />
172-->[androidx.profileinstaller:profileinstaller:1.3.1] AndroidManifest.xml:41:17-91
172-->[androidx.profileinstaller:profileinstaller:1.3.1] AndroidManifest.xml:41:25-88
173            </intent-filter>
174            <intent-filter>
174-->[androidx.profileinstaller:profileinstaller:1.3.1] AndroidManifest.xml:43:13-45:29
175                <action android:name="androidx.profileinstaller.action.SKIP_FILE" />
175-->[androidx.profileinstaller:profileinstaller:1.3.1] AndroidManifest.xml:44:17-85
175-->[androidx.profileinstaller:profileinstaller:1.3.1] AndroidManifest.xml:44:25-82
176            </intent-filter>
177            <intent-filter>
177-->[androidx.profileinstaller:profileinstaller:1.3.1] AndroidManifest.xml:46:13-48:29
178                <action android:name="androidx.profileinstaller.action.SAVE_PROFILE" />
178-->[androidx.profileinstaller:profileinstaller:1.3.1] AndroidManifest.xml:47:17-88
178-->[androidx.profileinstaller:profileinstaller:1.3.1] AndroidManifest.xml:47:25-85
179            </intent-filter>
180            <intent-filter>
180-->[androidx.profileinstaller:profileinstaller:1.3.1] AndroidManifest.xml:49:13-51:29
181                <action android:name="androidx.profileinstaller.action.BENCHMARK_OPERATION" />
181-->[androidx.profileinstaller:profileinstaller:1.3.1] AndroidManifest.xml:50:17-95
181-->[androidx.profileinstaller:profileinstaller:1.3.1] AndroidManifest.xml:50:25-92
182            </intent-filter>
183        </receiver>
184    </application>
185
186</manifest>